
> react-typescript-starter@0.1.0 test
> react-scripts test

PASS src/arrays.test.ts
PASS src/HtmlCss.test.tsx
PASS src/functions.test.ts
PASS src/text.test.tsx
PASS src/App.test.tsx
--------------|---------|----------|---------|---------|-------------------
File          | % Stmts | % Branch | % Funcs | % Lines | Uncovered Line #s 
--------------|---------|----------|---------|---------|-------------------
All files     |   95.18 |     91.3 |     100 |   94.93 |                   
 App.tsx      |     100 |      100 |     100 |     100 |                   
 arrays.ts    |   98.24 |      100 |     100 |   98.11 | 149               
 functions.ts |    87.5 |    85.18 |     100 |    87.5 | 22,24,26          
--------------|---------|----------|---------|---------|-------------------

Test Suites: 5 passed, 5 total
Tests:       23 passed, 23 total
Snapshots:   0 total
Time:        5.023 s
Ran all test suites.
